  display.cpp
C:\Users\dcoop\source\repos\uLCDEmulator\display.cpp(75,32): warning C4305: '=': truncation from 'WORD' to 'BYTE'
C:\Users\dcoop\source\repos\uLCDEmulator\display.cpp(75,21): warning C4309: '=': truncation of constant value
C:\Users\dcoop\source\repos\uLCDEmulator\display.cpp(810,23): warning C4244: '=': conversion from 'int16_t' to 'char', possible loss of data
C:\Users\dcoop\source\repos\uLCDEmulator\display.cpp(580,8): warning C4101: 'blitBuf': unreferenced local variable
C:\Users\dcoop\source\repos\uLCDEmulator\display.cpp(578,9): warning C4101: 'read': unreferenced local variable
  main.cpp
C:\Program Files (x86)\Windows Kits\10\Include\10.0.18362.0\shared\minwindef.h(130,1): warning C4005: 'APIENTRY': macro redefinition
C:\Users\dcoop\source\repos\uLCDEmulator\Resources\GLFW\glfw3.h(104): message : see previous definition of 'APIENTRY'
C:\Users\dcoop\source\repos\uLCDEmulator\main.cpp(31,8): warning C4244: 'initializing': conversion from 'double' to 'int', possible loss of data
C:\Users\dcoop\source\repos\uLCDEmulator\main.cpp(32,8): warning C4244: 'initializing': conversion from 'double' to 'int', possible loss of data
  Generating Code...
C:\Users\dcoop\source\repos\uLCDEmulator\display.cpp(50): warning C4715: 'loadSettings': not all control paths return a value
     Creating library C:\Users\dcoop\source\repos\uLCDEmulator\x64\Debug\uLCDEmulator.lib and object C:\Users\dcoop\source\repos\uLCDEmulator\x64\Debug\uLCDEmulator.exp
LINK : warning LNK4098: defaultlib 'MSVCRT' conflicts with use of other libs; use /NODEFAULTLIB:library
main.obj : error LNK2019: unresolved external symbol glfwInit referenced in function main
main.obj : error LNK2019: unresolved external symbol glfwTerminate referenced in function main
main.obj : error LNK2019: unresolved external symbol glfwCreateWindow referenced in function main
main.obj : error LNK2019: unresolved external symbol glfwWindowShouldClose referenced in function main
main.obj : error LNK2019: unresolved external symbol glfwPollEvents referenced in function main
main.obj : error LNK2019: unresolved external symbol glfwGetCursorPos referenced in function "void __cdecl handleClick(struct GLFWwindow *,int,int,int)" (?handleClick@@YAXPEAUGLFWwindow@@HHH@Z)
main.obj : error LNK2019: unresolved external symbol glfwSetMouseButtonCallback referenced in function main
main.obj : error LNK2019: unresolved external symbol glfwMakeContextCurrent referenced in function main
main.obj : error LNK2019: unresolved external symbol glfwSwapBuffers referenced in function main
ftd2xx.lib(devcon.obj) : error LNK2019: unresolved external symbol __imp_printf referenced in function "int __cdecl DumpDeviceWithInfo(void *,struct _SP_DEVINFO_DATA *,char const *)" (?DumpDeviceWithInfo@@YAHPEAXPEAU_SP_DEVINFO_DATA@@PEBD@Z)
C:\Users\dcoop\source\repos\uLCDEmulator\Resources\GLFW\glfw3.lib : warning LNK4272: library machine type 'x86' conflicts with target machine type 'x64'
Resources\GLEW\glew32s.lib : warning LNK4272: library machine type 'x86' conflicts with target machine type 'x64'
C:\Users\dcoop\source\repos\uLCDEmulator\x64\Debug\uLCDEmulator.exe : fatal error LNK1120: 10 unresolved externals
